2025-07-07 12:06:06,039 - INFO - Starting processing for: scripts/Pakistan Penal Code.pdf
2025-07-07 12:06:06,928 - INFO - Processed page 1
2025-07-07 12:06:06,928 - INFO - Processed page 2
2025-07-07 12:06:06,928 - INFO - Processed page 3
2025-07-07 12:06:07,227 - INFO - Processed page 4
2025-07-07 12:06:07,412 - INFO - Processed page 5
2025-07-07 12:06:07,600 - INFO - Processed page 6
2025-07-07 12:06:07,600 - INFO - Processed page 7
2025-07-07 12:06:07,600 - INFO - Processed page 8
2025-07-07 12:06:07,600 - INFO - Processed page 9
2025-07-07 12:06:07,600 - INFO - Processed page 10
2025-07-07 12:06:08,291 - INFO - Processed page 11
2025-07-07 12:06:08,338 - INFO - Processed page 12
2025-07-07 12:06:09,223 - INFO - Processed page 13
2025-07-07 12:06:09,223 - INFO - Processed page 14
2025-07-07 12:06:09,223 - INFO - Processed page 15
2025-07-07 12:06:09,223 - INFO - Processed page 16
2025-07-07 12:06:09,223 - INFO - Processed page 17
2025-07-07 12:06:09,223 - INFO - Processed page 18
2025-07-07 12:06:09,223 - INFO - Processed page 19
2025-07-07 12:06:09,223 - INFO - Processed page 20
2025-07-07 12:06:09,223 - INFO - Processed page 21
2025-07-07 12:06:09,223 - INFO - Processed page 22
2025-07-07 12:06:09,223 - INFO - Processed page 23
2025-07-07 12:06:09,535 - INFO - Processed page 24
2025-07-07 12:06:09,535 - INFO - Processed page 25
2025-07-07 12:06:09,551 - INFO - Processed page 26
2025-07-07 12:06:09,723 - INFO - Processed page 27
2025-07-07 12:06:09,802 - INFO - Processed page 28
2025-07-07 12:06:09,802 - INFO - Processed page 29
2025-07-07 12:06:10,974 - INFO - Processed page 30
2025-07-07 12:06:10,974 - INFO - Processed page 31
2025-07-07 12:06:10,974 - INFO - Processed page 32
2025-07-07 12:06:10,974 - INFO - Processed page 33
2025-07-07 12:06:10,974 - INFO - Processed page 34
2025-07-07 12:06:10,974 - INFO - Processed page 35
2025-07-07 12:06:10,974 - INFO - Processed page 36
2025-07-07 12:06:10,974 - INFO - Processed page 37
2025-07-07 12:06:10,974 - INFO - Processed page 38
2025-07-07 12:06:10,974 - INFO - Processed page 39
2025-07-07 12:06:11,941 - INFO - Processed page 40
2025-07-07 12:06:11,941 - INFO - Processed page 41
2025-07-07 12:06:11,941 - INFO - Processed page 42
2025-07-07 12:06:11,941 - INFO - Processed page 43
2025-07-07 12:06:11,941 - INFO - Processed page 44
2025-07-07 12:06:11,941 - INFO - Processed page 45
2025-07-07 12:06:11,941 - INFO - Processed page 46
2025-07-07 12:06:12,129 - INFO - Processed page 47
2025-07-07 12:06:12,191 - INFO - Processed page 48
2025-07-07 12:06:12,191 - INFO - Processed page 49
2025-07-07 12:06:12,191 - INFO - Processed page 50
2025-07-07 12:06:12,191 - INFO - Processed page 51
2025-07-07 12:06:12,191 - INFO - Processed page 52
2025-07-07 12:06:12,849 - INFO - Processed page 53
2025-07-07 12:06:12,849 - INFO - Processed page 54
2025-07-07 12:06:12,849 - INFO - Processed page 55
2025-07-07 12:06:13,101 - INFO - Processed page 56
2025-07-07 12:06:13,571 - INFO - Processed page 57
2025-07-07 12:06:13,665 - INFO - Processed page 58
2025-07-07 12:06:13,853 - INFO - Processed page 59
2025-07-07 12:06:13,853 - INFO - Processed page 60
2025-07-07 12:06:13,853 - INFO - Processed page 61
2025-07-07 12:06:13,853 - INFO - Processed page 62
2025-07-07 12:06:13,853 - INFO - Processed page 63
2025-07-07 12:06:13,853 - INFO - Processed page 64
2025-07-07 12:06:13,853 - INFO - Processed page 65
2025-07-07 12:06:13,853 - INFO - Processed page 66
2025-07-07 12:06:13,984 - INFO - Processed page 67
2025-07-07 12:06:14,562 - INFO - Processed page 68
2025-07-07 12:06:14,606 - INFO - Processed page 69
2025-07-07 12:06:14,699 - INFO - Processed page 70
2025-07-07 12:06:14,699 - INFO - Processed page 71
2025-07-07 12:06:14,699 - INFO - Processed page 72
2025-07-07 12:06:14,699 - INFO - Processed page 73
2025-07-07 12:06:14,699 - INFO - Processed page 74
2025-07-07 12:06:15,169 - INFO - Processed page 75
2025-07-07 12:06:15,609 - INFO - Processed page 76
2025-07-07 12:06:15,655 - INFO - Processed page 77
2025-07-07 12:06:15,717 - INFO - Processed page 78
2025-07-07 12:06:15,780 - INFO - Processed page 79
2025-07-07 12:06:15,780 - INFO - Processed page 80
2025-07-07 12:06:15,780 - INFO - Processed page 81
2025-07-07 12:06:15,780 - INFO - Processed page 82
2025-07-07 12:06:15,780 - INFO - Processed page 83
2025-07-07 12:06:16,328 - INFO - Processed page 84
2025-07-07 12:06:16,328 - INFO - Processed page 85
2025-07-07 12:06:16,328 - INFO - Processed page 86
2025-07-07 12:06:16,328 - INFO - Processed page 87
2025-07-07 12:06:16,328 - INFO - Processed page 88
2025-07-07 12:06:16,328 - INFO - Processed page 89
2025-07-07 12:06:16,328 - INFO - Processed page 90
2025-07-07 12:06:16,328 - INFO - Processed page 91
2025-07-07 12:06:16,405 - INFO - Processed page 92
2025-07-07 12:06:16,405 - INFO - Processed page 93
2025-07-07 12:06:16,608 - INFO - Processed page 94
2025-07-07 12:06:16,705 - INFO - Processed page 95
2025-07-07 12:06:17,092 - INFO - Processed page 96
2025-07-07 12:06:17,092 - INFO - Processed page 97
2025-07-07 12:06:17,092 - INFO - Processed page 98
2025-07-07 12:06:17,092 - INFO - Processed page 99
2025-07-07 12:06:17,769 - INFO - Processed page 100
2025-07-07 12:06:17,816 - INFO - Processed page 101
2025-07-07 12:06:17,966 - INFO - Processed page 102
2025-07-07 12:06:17,966 - INFO - Processed page 103
2025-07-07 12:06:17,966 - INFO - Processed page 104
2025-07-07 12:06:17,966 - INFO - Processed page 105
2025-07-07 12:06:18,247 - INFO - Processed page 106
2025-07-07 12:06:18,247 - INFO - Processed page 107
2025-07-07 12:06:18,247 - INFO - Processed page 108
2025-07-07 12:06:18,247 - INFO - Processed page 109
2025-07-07 12:06:18,497 - INFO - Processed page 110
2025-07-07 12:06:18,622 - INFO - Processed page 111
2025-07-07 12:06:18,622 - INFO - Processed page 112
2025-07-07 12:06:18,622 - INFO - Processed page 113
2025-07-07 12:06:18,622 - INFO - Processed page 114
2025-07-07 12:06:18,684 - INFO - Processed page 115
2025-07-07 12:06:18,747 - INFO - Processed page 116
2025-07-07 12:06:18,918 - INFO - Processed page 117
2025-07-07 12:06:19,652 - INFO - Processed page 118
2025-07-07 12:06:19,652 - INFO - Processed page 119
2025-07-07 12:06:19,652 - INFO - Processed page 120
2025-07-07 12:06:19,824 - INFO - Processed page 121
2025-07-07 12:06:20,167 - INFO - Processed page 122
2025-07-07 12:06:20,261 - INFO - Processed page 123
2025-07-07 12:06:20,261 - INFO - Processed page 124
2025-07-07 12:06:20,261 - INFO - Processed page 125
2025-07-07 12:06:20,261 - INFO - Processed page 126
2025-07-07 12:06:20,590 - INFO - Processed page 127
2025-07-07 12:06:20,590 - INFO - Processed page 128
2025-07-07 12:06:20,590 - INFO - Processed page 129
2025-07-07 12:06:20,590 - INFO - Processed page 130
2025-07-07 12:06:21,091 - INFO - Processed page 131
2025-07-07 12:06:21,232 - INFO - Processed page 132
2025-07-07 12:06:21,341 - INFO - Processed page 133
2025-07-07 12:06:21,399 - INFO - Processed page 134
2025-07-07 12:06:21,483 - INFO - Processed page 135
2025-07-07 12:06:21,483 - INFO - Processed page 136
2025-07-07 12:06:21,483 - INFO - Processed page 137
2025-07-07 12:06:21,483 - INFO - Processed page 138
2025-07-07 12:06:21,483 - INFO - Processed page 139
2025-07-07 12:06:21,623 - INFO - Processed page 140
2025-07-07 12:06:21,670 - INFO - Processed page 141
2025-07-07 12:06:21,717 - INFO - Processed page 142
2025-07-07 12:06:22,595 - INFO - Processed page 143
2025-07-07 12:06:22,595 - INFO - Processed page 144
2025-07-07 12:06:22,595 - INFO - Processed page 145
2025-07-07 12:06:22,595 - INFO - Processed page 146
2025-07-07 12:06:22,595 - INFO - Processed page 147
2025-07-07 12:06:22,595 - INFO - Processed page 148
2025-07-07 12:06:22,595 - INFO - Processed page 149
2025-07-07 12:06:22,814 - INFO - Processed page 150
2025-07-07 12:06:23,061 - INFO - Processed page 151
2025-07-07 12:06:23,061 - INFO - Processed page 152
2025-07-07 12:06:23,061 - INFO - Processed page 153
2025-07-07 12:06:23,061 - INFO - Processed page 154
2025-07-07 12:06:23,061 - INFO - Processed page 155
2025-07-07 12:06:23,061 - INFO - Processed page 156
2025-07-07 12:06:23,061 - INFO - Processed page 157
2025-07-07 12:06:23,175 - INFO - Processed page 158
2025-07-07 12:06:23,175 - INFO - Processed page 159
2025-07-07 12:06:23,175 - INFO - Processed page 160
2025-07-07 12:06:23,175 - INFO - Processed page 161
2025-07-07 12:06:23,175 - INFO - Processed page 162
2025-07-07 12:06:23,222 - INFO - Processed page 163
2025-07-07 12:06:23,268 - INFO - Processed page 164
2025-07-07 12:06:23,347 - INFO - Extracted 0 chapters with sections
2025-07-07 12:06:23,347 - INFO - Saved both JSON files successfully.
2025-07-07 12:06:23,347 - INFO - Processing completed successfully
2025-07-07 12:59:34,300 - ERROR - Fatal error during processing
Traceback (most recent call last):
  File "u:\LEGALSENSE\scripts\data_processing.py", line 123, in <module>
    config = yaml.safe_load(open("config.yaml", "r"))
                            ^^^^^^^^^^^^^^^^^^^^^^^^
FileNotFoundError: [Errno 2] No such file or directory: 'config.yaml'
2025-07-07 13:01:44,873 - ERROR - Fatal error during processing
Traceback (most recent call last):
  File "u:\LEGALSENSE\scripts\data_processing.py", line 123, in <module>
    config = yaml.safe_load(open("config.yaml", "r"))
                            ^^^^^^^^^^^^^^^^^^^^^^^^
FileNotFoundError: [Errno 2] No such file or directory: 'config.yaml'
